-------------------------------------------------------------------------------
Test set: UserServiceImplTest
-------------------------------------------------------------------------------
Tests run: 2, Failures: 1, Errors: 0, Skipped: 0, Time elapsed: 0.012 s <<< FAILURE! - in UserServiceImplTest
testFailIfEnvVariableIsSet  Time elapsed: 0.012 s  <<< FAILURE!
org.opentest4j.AssertionFailedError: Test failed because TIMESHEET_TESTS_FAIL is set to True
	at UserServiceImplTest.testFailIfEnvVariableIsSet(UserServiceImplMock.java:15)

